ToontownStart: Polling for game2 to finish...
ToontownStart: Game2 is finished.
ToontownStart: Starting the game.
ToontownStart: setting default font
TTLocalizer: Running in language: english
from toontown.toonbase.TTLocalizerEnglish import *
OTPLocalizer: Running in language: english
from otp.otpbase.OTPLocalizerEnglish import *
ToontownStart: Loading default gui sounds
ToontownStart: serverVersion:  dev
{401000001: <toontown.distributed.ToontownDistrict.ToontownDistrict instance at 0x18631468>}
{401000001: <toontown.distributed.ToontownDistrict.ToontownDistrict instance at 0x18631468>}
:ToontownTimeManager(warning): error parsing date string=
local
:NewsPageButtonManager(warning): Should not get here. NewsPageButtonManager.exitOff
:DistributedObject(warning): no loader.getInteractiveProp self.interactiveProp is None
:DistributedObject(warning): no loader.getInteractiveProp self.interactiveProp is None
:DistributedObject(warning): no loader.getInteractiveProp self.interactiveProp is None
:DistributedObject(warning): no loader.getInteractiveProp self.interactiveProp is None
:DistributedObject(warning): no loader.getInteractiveProp self.interactiveProp is None
fisherman origin:  render/scene/toontownCentral/2000:safe_zone/fishing_pond_1/npc_fisherman_origin_0
:Teleport(debug): teleportInDone: walk
:MailboxInteractiveProp(warning): calcHoodId couldn't parse hidden/scene/toontownCentral/2101/interactive_prop_phase_5_models_char__ttc_mailbox_DNARoot using 0
:TrashcanInteractiveProp(warning): calcHoodId couldn't parse hidden/scene/toontownCentral/2102/interactive_prop_phase_5_models_char__ttc_trashcan_DNARoot using 0
:TrashcanInteractiveProp(warning): calcHoodId couldn't parse hidden/scene/toontownCentral/2103/interactive_prop_phase_5_models_char__ttc_trashcan_DNARoot using 0
:TrashcanInteractiveProp(warning): calcHoodId couldn't parse hidden/scene/toontownCentral/2105/interactive_prop_phase_5_models_char__ttc_trashcan_DNARoot using 0
:HydrantInteractiveProp(warning): calcHoodId couldn't parse hidden/scene/toontownCentral/2106/interactive_prop_phase_5_models_char__ttc_hydrant_DNARoot using 0
:MailboxInteractiveProp(warning): calcHoodId couldn't parse hidden/scene/toontownCentral/2107/interactive_prop_phase_5_models_char__ttc_mailbox_DNARoot using 0
:TrashcanInteractiveProp(warning): calcHoodId couldn't parse hidden/scene/toontownCentral/2108/interactive_prop_phase_5_models_char__ttc_trashcan_DNARoot using 0
:MailboxInteractiveProp(warning): calcHoodId couldn't parse hidden/scene/toontownCentral/2109/interactive_prop_phase_5_models_char__ttc_mailbox_DNARoot using 0
:HydrantInteractiveProp(warning): calcHoodId couldn't parse hidden/scene/toontownCentral/2110/props/interactive_prop_phase_5_models_char__ttc_hydrant_DNARoot using 0
:MailboxInteractiveProp(warning): calcHoodId couldn't parse hidden/scene/toontownCentral/2111/interactive_prop_phase_5_models_char__ttc_mailbox_DNARoot using 0
:TrashcanInteractiveProp(warning): calcHoodId couldn't parse hidden/scene/toontownCentral/2112/interactive_prop_phase_5_models_char__ttc_trashcan_DNARoot using 0
:MailboxInteractiveProp(warning): calcHoodId couldn't parse hidden/scene/toontownCentral/2113/interactive_prop_phase_5_models_char__ttc_mailbox_DNARoot using 0
:MailboxInteractiveProp(warning): calcHoodId couldn't parse hidden/scene/toontownCentral/2114/interactive_prop_phase_5_models_char__ttc_mailbox_DNARoot using 0
:HydrantInteractiveProp(warning): calcHoodId couldn't parse hidden/scene/toontownCentral/2115/interactive_prop_phase_5_models_char__ttc_hydrant_DNARoot using 0
:TrashcanInteractiveProp(warning): calcHoodId couldn't parse hidden/scene/toontownCentral/2117/interactive_prop_phase_5_models_char__ttc_trashcan_DNARoot using 0
:MailboxInteractiveProp(warning): calcHoodId couldn't parse hidden/scene/toontownCentral/2119/interactive_prop_phase_5_models_char__ttc_mailbox_DNARoot using 0
:HydrantInteractiveProp(warning): calcHoodId couldn't parse hidden/scene/toontownCentral/2120/interactive_prop_phase_5_models_char__ttc_hydrant_DNARoot using 0
:TrashcanInteractiveProp(warning): calcHoodId couldn't parse hidden/scene/toontownCentral/2122/interactive_prop_phase_5_models_char__ttc_trashcan_DNARoot using 0
:HydrantInteractiveProp(warning): calcHoodId couldn't parse hidden/scene/toontownCentral/2123/interactive_prop_phase_5_models_char__ttc_hydrant_DNARoot using 0
:MailboxInteractiveProp(warning): calcHoodId couldn't parse hidden/scene/toontownCentral/2124/interactive_prop_phase_5_models_char__ttc_mailbox_DNARoot using 0
:TrashcanInteractiveProp(warning): calcHoodId couldn't parse hidden/scene/toontownCentral/2126/interactive_prop_phase_5_models_char__ttc_trashcan_DNARoot using 0
:HydrantInteractiveProp(warning): calcHoodId couldn't parse hidden/scene/toontownCentral/2127/interactive_prop_phase_5_models_char__ttc_hydrant_DNARoot using 0
:MailboxInteractiveProp(warning): calcHoodId couldn't parse hidden/scene/toontownCentral/2128/interactive_prop_phase_5_models_char__ttc_mailbox_DNARoot using 0
:HydrantInteractiveProp(warning): calcHoodId couldn't parse hidden/scene/toontownCentral/2129/interactive_prop_phase_5_models_char__ttc_hydrant_DNARoot using 0
:MailboxInteractiveProp(warning): calcHoodId couldn't parse hidden/scene/toontownCentral/2130/interactive_prop_phase_5_models_char__ttc_mailbox_DNARoot using 0
:HydrantInteractiveProp(warning): calcHoodId couldn't parse hidden/scene/toontownCentral/2131/interactive_prop_phase_5_models_char__ttc_hydrant_DNARoot using 0
:HydrantInteractiveProp(warning): calcHoodId couldn't parse hidden/scene/toontownCentral/2132/interactive_prop_phase_5_models_char__ttc_hydrant_DNARoot using 0
:TrashcanInteractiveProp(warning): calcHoodId couldn't parse hidden/scene/toontownCentral/2133/interactive_prop_phase_5_models_char__ttc_trashcan_DNARoot using 0
:HydrantInteractiveProp(warning): calcHoodId couldn't parse hidden/scene/toontownCentral/2134/interactive_prop_phase_5_models_char__ttc_hydrant_DNARoot using 0
:TrashcanInteractiveProp(warning): calcHoodId couldn't parse hidden/scene/toontownCentral/2137/interactive_prop_phase_5_models_char__ttc_trashcan_DNARoot using 0
:TrashcanInteractiveProp(warning): calcHoodId couldn't parse hidden/scene/toontownCentral/2142/interactive_prop_phase_5_models_char__ttc_trashcan_DNARoot using 0
:TrashcanInteractiveProp(warning): calcHoodId couldn't parse hidden/scene/toontownCentral/2143/interactive_prop_phase_5_models_char__ttc_trashcan_DNARoot using 0
:HydrantInteractiveProp(warning): calcHoodId couldn't parse hidden/scene/toontownCentral/2144/interactive_prop_phase_5_models_char__ttc_hydrant_DNARoot using 0
:TrashcanInteractiveProp(warning): calcHoodId couldn't parse hidden/scene/toontownCentral/2145/interactive_prop_phase_5_models_char__ttc_trashcan_DNARoot using 0
:HydrantInteractiveProp(warning): calcHoodId couldn't parse hidden/scene/toontownCentral/2146/interactive_prop_phase_5_models_char__ttc_hydrant_DNARoot using 0
:HydrantInteractiveProp(warning): calcHoodId couldn't parse hidden/scene/toontownCentral/2147/interactive_prop_phase_5_models_char__ttc_hydrant_DNARoot using 0
:TrashcanInteractiveProp(warning): calcHoodId couldn't parse hidden/scene/toontownCentral/2148/interactive_prop_phase_5_models_char__ttc_trashcan_DNARoot using 0
:TrashcanInteractiveProp(warning): calcHoodId couldn't parse hidden/scene/toontownCentral/2150/interactive_prop_phase_5_models_char__ttc_trashcan_DNARoot using 0
:HydrantInteractiveProp(warning): calcHoodId couldn't parse hidden/scene/toontownCentral/2155/interactive_prop_phase_5_models_char__ttc_hydrant_DNARoot using 0
